This file contains any messages produced by compilers while
running CMake, to aid debugging if configure makes a mistake.

It was created by Tasks CMake configuration process UNKNOWN-dirty, which was
generated by CMake 3.5.1.

## --------- ##
## Platform. ##
## --------- ##

hostname = 922531132c26
system = Linux-4.4.0-75-generic
processor = x86_64
generator = Unix Makefiles

PATH /opt/ros/kinetic/bin
PATH /usr/local/bin
PATH /usr/local/bin
PATH /usr/local/sbin
PATH /usr/local/bin
PATH /usr/sbin
PATH /usr/bin
PATH /sbin
PATH /bin
PATH /home/icubuser/icub/software/bin
PATH /home/icubuser/mc/install/qhull/build
PATH /home/icubuser/blender
PATH /home/icubuser/icub/software/bin
PATH /home/icubuser/mc/install/qhull/build
PATH /home/icubuser/blender

PKG_CONFIG_PATH /opt/ros/kinetic/lib/pkgconfig
PKG_CONFIG_PATH /usr/local/lib/pkgconfig
PKG_CONFIG_PATH /usr/local/lib/pkgconfig

## ---------------- ##
## CMake variables. ##
## ---------------- ##

CMAKE_ROOT = /usr/share/cmake-3.5
CMAKE_INCLUDE_PATH = 
CMAKE_LIBRARY_PATH = 
CMAKE_PREFIX_PATH = 
CMAKE_INSTALL_ALWAYS = 
CMAKE_SKIP_RPATH = NO
CMAKE_SUPPRESS_REGENERATION = 
BUILD_SHARED_LIBS = 

CMAKE_INSTALL_PREFIX = /usr/local
PROJECT_SOURCE_DIR = /home/icubuser/mc/install/Tasks
PROJECT_SOURCE_DIR = /home/icubuser/mc/install/Tasks
PROJECT_BINARY_DIR = /home/icubuser/mc/install/Tasks/build
CMAKE_BINARY_DIR = /home/icubuser/mc/install/Tasks/build

CMAKE_AR = /usr/bin/ar
CMAKE_RANLIB = /usr/bin/ranlib
CMAKE_BUILD_TYPE = Release
CMAKE_CONFIGURATION_TYPES = 
CMAKE_SHARED_LINKER_FLAGS = 

CMAKE_C_COMPILER = /usr/bin/cc
CMAKE_C_FLAGS = 
CMAKE_C_FLAGS_DEBUG = -g
CMAKE_C_FLAGS_RELEASE = -O3 -DNDEBUG
CMAKE_CXX_COMPILER = /usr/bin/c++
CMAKE_CXX_FLAGS =  -pedantic -Wno-long-long -Wall -Wextra -Wcast-align -Wcast-qual -Wformat -Wwrite-strings -Wconversion  -Wall -Wextra -std=c++0x -pedantic
CMAKE_CXX_FLAGS_DEBUG = -g
CMAKE_CXX_FLAGS_RELEASE = -O3 -DNDEBUG
CMAKE_CXX_FLAGS_RELWITHDEBINFO = -O2 -g -DNDEBUG

CMAKE_STATIC_LIBRARY_PREFIX = lib
CMAKE_STATIC_LIBRARY_SUFFIX = .a
CMAKE_SHARED_LIBRARY_PREFIX = lib
CMAKE_SHARED_LIBRARY_SUFFIX = .so
CMAKE_SHARED_MODULE_PREFIX = lib
CMAKE_SHARED_MODULE_SUFFIX = .so

## ------------------ ##
## Watched variables. ##
## ------------------ ##

WARNING_CXX_FLAGS =  -pedantic -Wno-long-long -Wall -Wextra -Wcast-align -Wcast-qual -Wformat -Wwrite-strings -Wconversion
_PKG_CONFIG_FOUND = undefined
PKG_CONFIG_EXECUTABLE = /usr/bin/pkg-config
_PKG_CONFIG_PREFIX = /usr/local
_PKG_CONFIG_EXEC_PREFIX = /usr/local
_PKG_CONFIG_LIBDIR = /usr/local/lib
_PKG_CONFIG_BINDIR = /usr/local/bin
_PKG_CONFIG_PKGLIBDIR = /usr/local/lib/Tasks
_PKG_CONFIG_INCLUDEDIR = /usr/local/include
_PKG_CONFIG_DATAROOTDIR = /usr/local/share
_PKG_CONFIG_PKGDATAROOTDIR = /usr/local/share
_PKG_CONFIG_DOCDIR = /usr/local/share/doc/Tasks
_PKG_CONFIG_DOXYGENDOCDIR = /usr/local/share/doc/Tasks/doxygen-html
_PKG_CONFIG_PROJECT_NAME = Tasks
_PKG_CONFIG_DESCRIPTION = ...
_PKG_CONFIG_URL = https://github.com/jorisv//Tasks
_PKG_CONFIG_VERSION = UNKNOWN-dirty
_PKG_CONFIG_REQUIRES = eigen3 >= 3.0.0, SpaceVecAlg, eigen-qld, eigen-lssol
_PKG_CONFIG_REQUIRES_DEBUG = sch-core_d, RBDyn_d
_PKG_CONFIG_REQUIRES_OPTIMIZED = sch-core, RBDyn
_PKG_CONFIG_CONFLICTS = 
_PKG_CONFIG_LIBS =  -lTasks
_PKG_CONFIG_LIBS_DEBUG = -L${libdir}
_PKG_CONFIG_LIBS_OPTIMIZED = -L${libdir}
_PKG_CONFIG_LIBS_PRIVATE = 
_PKG_CONFIG_CFLAGS = -I${includedir} -I/usr/include -I/usr/include
_PKG_CONFIG_CFLAGS_DEBUG = 
_PKG_CONFIG_CFLAGS_OPTIMIZED = 
PKG_CONFIG_EXTRA = 
DOXYGEN_SKIP_DOT = undefined
DOXYGEN_EXECUTABLE = /usr/bin/doxygen
DOXYGEN_FOUND = YES
DOXYGEN_DOT_EXECUTABLE = /usr/bin/dot
DOXYGEN_DOT_FOUND = YES
DOXYGEN_DOT_PATH = /usr/bin
DOXYGEN_DOT_IMAGE_FORMAT = svg
DOXYGEN_USE_MATHJAX = YES
DOXYGEN_USE_TEMPLATE_CSS = YES
SCH_CORE_FOUND = 1
SCH_CORE_LIBRARIES = sch-core
SCH_CORE_LIBRARY_DIRS = /usr/local/lib
SCH_CORE_LDFLAGS = -L/usr/local/lib;-lsch-core
SCH_CORE_LDFLAGS_OTHER = 
SCH_CORE_INCLUDE_DIRS = /usr/local/include
SCH_CORE_CFLAGS = -I/usr/local/include
SCH_CORE_CFLAGS_OTHER = 
SCH_CORE = undefined
SCH_CORE_STATIC = undefined
SCH_CORE_VERSION = 1.0-134-g5115-dirty
SCH_CORE_PREFIX = /usr/local
SCH_CORE_INCLUDEDIR = /usr/local/include
SCH_CORE_LIBDIR = /usr/local/lib
SCH_CORE_PKGLIBDIR = /usr/local/lib/sch-core
SCH_CORE_BINDIR = /usr/local/bin
SCH_CORE_DATAROOTDIR = /usr/local/share
SCH_CORE_PKGDATAROOTDIR = /usr/local/share
SCH_CORE_DOCDIR = /usr/local/share/doc/sch-core
SCH_CORE_DOXYGENDOCDIR = /usr/local/share/doc/sch-core/doxygen-html
SCH_CORE_DEBUG_FOUND = 
SCH_CORE_DEBUG_LIBRARIES = 
SCH_CORE_DEBUG_LIBRARY_DIRS = undefined
SCH_CORE_DEBUG_LDFLAGS = 
SCH_CORE_DEBUG_LDFLAGS_OTHER = undefined
SCH_CORE_DEBUG_INCLUDE_DIRS = undefined
SCH_CORE_DEBUG_CFLAGS = 
SCH_CORE_DEBUG_CFLAGS_OTHER = 
SCH_CORE_DEBUG = SCH_CORE_DEBUG
SCH_CORE_DEBUG_STATIC = undefined
SCH_CORE_DEBUG_VERSION = 
SCH_CORE_DEBUG_PREFIX_DEBUG = undefined
SCH_CORE_DEBUG_INCLUDEDIR = 
SCH_CORE_DEBUG_LIBDIR = 
SCH_CORE_DEBUG_PKGLIBDIR = 
SCH_CORE_DEBUG_BINDIR = 
SCH_CORE_DEBUG_DATAROOTDIR = 
SCH_CORE_DEBUG_PKGDATAROOTDIR = 
SCH_CORE_DEBUG_DOCDIR = 
SCH_CORE_DEBUG_DOXYGENDOCDIR = 
SPACEVECALG_FOUND = 1
SPACEVECALG_LIBRARIES = 
SPACEVECALG_LIBRARY_DIRS = /usr/local/lib
SPACEVECALG_LDFLAGS = -L/usr/local/lib
SPACEVECALG_LDFLAGS_OTHER = 
SPACEVECALG_INCLUDE_DIRS = /usr/local/include;/usr/local/include/eigen3
SPACEVECALG_CFLAGS = -I/usr/local/include;-I/usr/local/include/eigen3
SPACEVECALG_CFLAGS_OTHER = 
SPACEVECALG = undefined
SPACEVECALG_STATIC = undefined
SPACEVECALG_VERSION = 1.0.1
SPACEVECALG_PREFIX = /usr/local
SPACEVECALG_INCLUDEDIR = /usr/local/include
SPACEVECALG_LIBDIR = /usr/local/lib
SPACEVECALG_PKGLIBDIR = /usr/local/lib/SpaceVecAlg
SPACEVECALG_BINDIR = /usr/local/bin
SPACEVECALG_DATAROOTDIR = /usr/local/share
SPACEVECALG_PKGDATAROOTDIR = /usr/local/share
SPACEVECALG_DOCDIR = /usr/local/share/doc/SpaceVecAlg
SPACEVECALG_DOXYGENDOCDIR = /usr/local/share/doc/SpaceVecAlg/doxygen-html
RBDYN_FOUND = 1
RBDYN_LIBRARIES = RBDyn
RBDYN_LIBRARY_DIRS = /usr/local/lib
RBDYN_LDFLAGS = -L/usr/local/lib;-lRBDyn
RBDYN_LDFLAGS_OTHER = 
RBDYN_INCLUDE_DIRS = /usr/local/include;/usr/local/include/eigen3
RBDYN_CFLAGS = -I/usr/local/include;-I/usr/local/include/eigen3
RBDYN_CFLAGS_OTHER = 
RBDYN = undefined
RBDYN_STATIC = undefined
RBDYN_VERSION = UNKNOWN-dirty
RBDYN_PREFIX = /usr/local
RBDYN_INCLUDEDIR = /usr/local/include
RBDYN_LIBDIR = /usr/local/lib
RBDYN_PKGLIBDIR = /usr/local/lib/RBDyn
RBDYN_BINDIR = /usr/local/bin
RBDYN_DATAROOTDIR = /usr/local/share
RBDYN_PKGDATAROOTDIR = /usr/local/share
RBDYN_DOCDIR = /usr/local/share/doc/RBDyn
RBDYN_DOXYGENDOCDIR = /usr/local/share/doc/RBDyn/doxygen-html
RBDYN_DEBUG_FOUND = 
RBDYN_DEBUG_LIBRARIES = 
RBDYN_DEBUG_LIBRARY_DIRS = undefined
RBDYN_DEBUG_LDFLAGS = 
RBDYN_DEBUG_LDFLAGS_OTHER = undefined
RBDYN_DEBUG_INCLUDE_DIRS = undefined
RBDYN_DEBUG_CFLAGS = 
RBDYN_DEBUG_CFLAGS_OTHER = 
RBDYN_DEBUG = RBDYN_DEBUG
RBDYN_DEBUG_STATIC = undefined
RBDYN_DEBUG_VERSION = 
RBDYN_DEBUG_PREFIX_DEBUG = undefined
RBDYN_DEBUG_INCLUDEDIR = 
RBDYN_DEBUG_LIBDIR = 
RBDYN_DEBUG_PKGLIBDIR = 
RBDYN_DEBUG_BINDIR = 
RBDYN_DEBUG_DATAROOTDIR = 
RBDYN_DEBUG_PKGDATAROOTDIR = 
RBDYN_DEBUG_DOCDIR = 
RBDYN_DEBUG_DOXYGENDOCDIR = 
EIGEN_QLD_FOUND = 1
EIGEN_QLD_LIBRARIES = eigen-qld
EIGEN_QLD_LIBRARY_DIRS = /usr/local/lib
EIGEN_QLD_LDFLAGS = -L/usr/local/lib;-leigen-qld
EIGEN_QLD_LDFLAGS_OTHER = 
EIGEN_QLD_INCLUDE_DIRS = /usr/local/include;/usr/local/include/eigen3
EIGEN_QLD_CFLAGS = -I/usr/local/include;-I/usr/local/include/eigen3
EIGEN_QLD_CFLAGS_OTHER = 
EIGEN_QLD = undefined
EIGEN_QLD_STATIC = undefined
EIGEN_QLD_VERSION = UNKNOWN-dirty
EIGEN_QLD_PREFIX = /usr/local
EIGEN_QLD_INCLUDEDIR = /usr/local/include
EIGEN_QLD_LIBDIR = /usr/local/lib
EIGEN_QLD_PKGLIBDIR = /usr/local/lib/eigen-qld
EIGEN_QLD_BINDIR = /usr/local/bin
EIGEN_QLD_DATAROOTDIR = /usr/local/share
EIGEN_QLD_PKGDATAROOTDIR = /usr/local/share
EIGEN_QLD_DOCDIR = /usr/local/share/doc/eigen-qld
EIGEN_QLD_DOXYGENDOCDIR = /usr/local/share/doc/eigen-qld/doxygen-html
EIGEN_LSSOL_FOUND = 1
EIGEN_LSSOL_LIBRARIES = eigen-lssol
EIGEN_LSSOL_LIBRARY_DIRS = /usr/local/lib
EIGEN_LSSOL_LDFLAGS = -L/usr/local/lib;-leigen-lssol
EIGEN_LSSOL_LDFLAGS_OTHER = 
EIGEN_LSSOL_INCLUDE_DIRS = /usr/local/include;/usr/local/include/eigen3
EIGEN_LSSOL_CFLAGS = -I/usr/local/include;-I/usr/local/include/eigen3
EIGEN_LSSOL_CFLAGS_OTHER = 
EIGEN_LSSOL = undefined
EIGEN_LSSOL_STATIC = undefined
EIGEN_LSSOL_VERSION = UNKNOWN-dirty
EIGEN_LSSOL_PREFIX = /usr/local
EIGEN_LSSOL_INCLUDEDIR = /usr/local/include
EIGEN_LSSOL_LIBDIR = /usr/local/lib
EIGEN_LSSOL_PKGLIBDIR = /usr/local/lib/eigen-lssol
EIGEN_LSSOL_BINDIR = /usr/local/bin
EIGEN_LSSOL_DATAROOTDIR = /usr/local/share
EIGEN_LSSOL_PKGDATAROOTDIR = /usr/local/share
EIGEN_LSSOL_DOCDIR = /usr/local/share/doc/eigen-lssol
EIGEN_LSSOL_DOXYGENDOCDIR = /usr/local/share/doc/eigen-lssol/doxygen-html
## ---------------- ##
## Watched targets. ##
## ---------------- ##

